\BOOKMARK [0][-]{dummy.1}{\376\377\000A\000b\000s\000t\000r\000a\000c\000t}{}% 1
\BOOKMARK [0][-]{dummy.2}{\376\377\000A\000c\000k\000n\000o\000w\000l\000e\000d\000g\000e\000m\000e\000n\000t\000s}{}% 2
\BOOKMARK [0][-]{dummy.3}{\376\377\000D\000e\000d\000i\000c\000a\000t\000i\000o\000n}{}% 3
\BOOKMARK [0][-]{dummy.5}{\376\377\000L\000i\000s\000t\000\040\000o\000f\000\040\000F\000i\000g\000u\000r\000e\000s}{}% 4
\BOOKMARK [0][-]{dummy.7}{\376\377\000L\000i\000s\000t\000\040\000o\000f\000\040\000T\000a\000b\000l\000e\000s}{}% 5
\BOOKMARK [0][-]{chapter.9}{\376\377\0001\000\040\000I\000n\000t\000r\000o\000d\000u\000c\000t\000i\000o\000n}{}% 6
\BOOKMARK [1][-]{section.10}{\376\377\0001\000.\0001\000\040\000C\000o\000n\000t\000e\000x\000t}{chapter.9}% 7
\BOOKMARK [1][-]{section.11}{\376\377\0001\000.\0002\000\040\000M\000o\000t\000i\000v\000a\000t\000i\000o\000n}{chapter.9}% 8
\BOOKMARK [1][-]{section.12}{\376\377\0001\000.\0003\000\040\000T\000h\000e\000s\000i\000s\000\040\000S\000u\000m\000m\000a\000r\000y}{chapter.9}% 9
\BOOKMARK [1][-]{section.15}{\376\377\0001\000.\0004\000\040\000S\000t\000r\000u\000c\000t\000u\000r\000e\000\040\000o\000f\000\040\000T\000h\000e\000s\000i\000s}{chapter.9}% 10
\BOOKMARK [0][-]{chapter.16}{\376\377\0002\000\040\000B\000a\000c\000k\000g\000r\000o\000u\000n\000d\000\040\000a\000n\000d\000\040\000M\000o\000t\000i\000v\000a\000t\000i\000o\000n}{}% 11
\BOOKMARK [1][-]{section.17}{\376\377\0002\000.\0001\000\040\000S\000i\000m\000i\000l\000a\000r\000\040\000P\000r\000o\000j\000e\000c\000t\000s}{chapter.16}% 12
\BOOKMARK [2][-]{subsection.18}{\376\377\0002\000.\0001\000.\0001\000\040\000M\000o\000d\000u\000l\000a\000r\000i\000t\000y}{section.17}% 13
\BOOKMARK [2][-]{subsection.19}{\376\377\0002\000.\0001\000.\0002\000\040\000S\000c\000a\000l\000a\000b\000i\000l\000i\000t\000y}{section.17}% 14
\BOOKMARK [2][-]{subsection.20}{\376\377\0002\000.\0001\000.\0003\000\040\000E\000x\000t\000e\000n\000s\000i\000b\000i\000l\000i\000t\000y}{section.17}% 15
\BOOKMARK [3][-]{subsubsection.21}{\376\377\0002\000.\0001\000.\0003\000.\0001\000\040\000M\000i\000d\000d\000l\000e\000w\000a\000r\000e}{subsection.20}% 16
\BOOKMARK [2][-]{subsection.22}{\376\377\0002\000.\0001\000.\0004\000\040\000E\000c\000o\000n\000o\000m\000i\000c\000s}{section.17}% 17
\BOOKMARK [0][-]{chapter.23}{\376\377\0003\000\040\000T\000h\000e\000\040\000X\0001\0000\000A\000B\000O\000T\000\040\000A\000r\000c\000h\000i\000t\000e\000c\000t\000u\000r\000e\000,\000\040\000D\000e\000s\000i\000g\000n\000\040\000a\000n\000d\000\040\000I\000m\000p\000l\000e\000m\000e\000n\000t\000a\000t\000i\000o\000n}{}% 18
\BOOKMARK [1][-]{section.31}{\376\377\0003\000.\0001\000\040\000T\000h\000e\000\040\000A\000r\000c\000h\000i\000t\000e\000c\000t\000u\000r\000e}{chapter.23}% 19
\BOOKMARK [2][-]{subsection.33}{\376\377\0003\000.\0001\000.\0001\000\040\000T\000h\000e\000\040\000H\000a\000r\000d\000w\000a\000r\000e\000\040\000A\000r\000c\000h\000i\000t\000e\000c\000t\000u\000r\000e}{section.31}% 20
\BOOKMARK [3][-]{subsubsection.34}{\376\377\0003\000.\0001\000.\0001\000.\0001\000\040\000T\000h\000e\000\040\000M\000o\000t\000h\000e\000r\000b\000o\000a\000r\000d}{subsection.33}% 21
\BOOKMARK [3][-]{subsubsection.35}{\376\377\0003\000.\0001\000.\0001\000.\0002\000\040\000T\000h\000e\000\040\000P\000e\000r\000i\000p\000h\000e\000r\000a\000l\000\040\000B\000u\000s}{subsection.33}% 22
\BOOKMARK [3][-]{subsubsection.37}{\376\377\0003\000.\0001\000.\0001\000.\0003\000\040\000T\000h\000e\000\040\000D\000a\000u\000g\000h\000t\000e\000r\000b\000o\000a\000r\000d}{subsection.33}% 23
\BOOKMARK [3][-]{subsubsection.38}{\376\377\0003\000.\0001\000.\0001\000.\0004\000\040\000I\000n\000t\000e\000r\000n\000a\000l\000\040\000D\000a\000u\000g\000h\000t\000e\000r\000b\000o\000a\000r\000d}{subsection.33}% 24
\BOOKMARK [3][-]{subsubsection.40}{\376\377\0003\000.\0001\000.\0001\000.\0005\000\040\000S\000e\000n\000s\000o\000r\000\040\000\046\000\040\000A\000c\000t\000u\000a\000t\000o\000r\000\040\000P\000o\000r\000t\000s}{subsection.33}% 25
\BOOKMARK [2][-]{subsection.42}{\376\377\0003\000.\0001\000.\0002\000\040\000T\000h\000e\000\040\000S\000o\000f\000t\000w\000a\000r\000e\000\040\000A\000r\000c\000h\000i\000t\000e\000c\000t\000u\000r\000e}{section.31}% 26
\BOOKMARK [3][-]{subsubsection.43}{\376\377\0003\000.\0001\000.\0002\000.\0001\000\040\000T\000h\000e\000\040\000M\000o\000t\000h\000e\000r\000b\000o\000a\000r\000d\000\040\000L\000i\000b\000r\000a\000r\000y}{subsection.42}% 27
\BOOKMARK [3][-]{subsubsection.45}{\376\377\0003\000.\0001\000.\0002\000.\0002\000\040\000A\000p\000p\000l\000i\000c\000a\000t\000i\000o\000n\000\040\000S\000o\000f\000t\000w\000a\000r\000e}{subsection.42}% 28
\BOOKMARK [3][-]{subsubsection.46}{\376\377\0003\000.\0001\000.\0002\000.\0003\000\040\000T\000h\000e\000\040\000D\000a\000u\000g\000h\000t\000e\000r\000b\000o\000a\000r\000d\000\040\000F\000i\000r\000m\000w\000a\000r\000e}{subsection.42}% 29
\BOOKMARK [3][-]{subsubsection.52}{\376\377\0003\000.\0001\000.\0002\000.\0004\000\040\000M\000i\000d\000d\000l\000e\000w\000a\000r\000e}{subsection.42}% 30
\BOOKMARK [3][-]{subsubsection.55}{\376\377\0003\000.\0001\000.\0002\000.\0005\000\040\000E\000x\000t\000e\000n\000d\000i\000n\000g\000\040\000t\000h\000e\000\040\000L\000i\000b\000r\000a\000r\000y}{subsection.42}% 31
\BOOKMARK [1][-]{section.57}{\376\377\0003\000.\0002\000\040\000T\000h\000e\000\040\000A\000r\000d\000u\000i\000n\000o\000\040\000I\000m\000p\000l\000e\000m\000e\000n\000t\000a\000t\000i\000o\000n}{chapter.23}% 32
\BOOKMARK [0][-]{chapter.58}{\376\377\0004\000\040\000R\000e\000s\000u\000l\000t\000s}{}% 33
\BOOKMARK [1][-]{section.61}{\376\377\0004\000.\0001\000\040\000M\000o\000d\000u\000l\000a\000r\000i\000t\000y}{chapter.58}% 34
\BOOKMARK [1][-]{section.64}{\376\377\0004\000.\0002\000\040\000E\000x\000t\000e\000n\000s\000i\000b\000i\000l\000i\000t\000y\000\040\000a\000n\000d\000\040\000A\000b\000s\000t\000r\000a\000c\000t\000i\000o\000n}{chapter.58}% 35
\BOOKMARK [1][-]{section.67}{\376\377\0004\000.\0003\000\040\000S\000c\000a\000l\000a\000b\000i\000l\000i\000t\000y}{chapter.58}% 36
\BOOKMARK [1][-]{section.71}{\376\377\0004\000.\0004\000\040\000O\000b\000s\000e\000r\000v\000a\000t\000i\000o\000n\000s}{chapter.58}% 37
\BOOKMARK [0][-]{chapter.72}{\376\377\0005\000\040\000C\000o\000n\000c\000l\000u\000s\000i\000o\000n\000\040\000a\000n\000d\000\040\000D\000i\000s\000c\000u\000s\000s\000i\000o\000n}{}% 38
\BOOKMARK [1][-]{section.73}{\376\377\0005\000.\0001\000\040\000L\000i\000m\000i\000t\000a\000t\000i\000o\000n\000s}{chapter.72}% 39
\BOOKMARK [1][-]{section.74}{\376\377\0005\000.\0002\000\040\000A\000c\000h\000i\000e\000v\000e\000m\000e\000n\000t\000s}{chapter.72}% 40
\BOOKMARK [1][-]{section.75}{\376\377\0005\000.\0003\000\040\000F\000u\000t\000u\000r\000e\000\040\000W\000o\000r\000k}{chapter.72}% 41
\BOOKMARK [0][-]{dummy.76}{\376\377\000R\000e\000f\000e\000r\000e\000n\000c\000e\000s}{}% 42
\BOOKMARK [0][-]{dummy.79}{\376\377\000A\000p\000p\000e\000n\000d\000i\000x\000\040\000I\000\040\000-\000\040\000X\0001\0000\000A\000B\000O\000T\000\040\000S\000o\000u\000r\000c\000e\000\040\000C\000o\000d\000e}{}% 43
